This is pdfTeX, Version 3.14159265-2.6-1.40.18 (MiKTeX 2.9.6350 64-bit) (preloaded format=pdflatex 2017.6.22)  6 JUL 2017 12:53
entering extended mode
**./Untitled.tex
(Untitled.tex
LaTeX2e <2017-04-15>
Babel <3.10> and hyphenation patterns for 75 language(s) loaded.
("C:\Program Files\MiKTeX 2.9\tex\latex\base\report.cls"
Document Class: report 2014/09/29 v1.4h Standard LaTeX document class
("C:\Program Files\MiKTeX 2.9\tex\latex\base\size12.clo"
File: size12.clo 2014/09/29 v1.4h Standard LaTeX file (size option)
)
\c@part=\count79
\c@chapter=\count80
\c@section=\count81
\c@subsection=\count82
\c@subsubsection=\count83
\c@paragraph=\count84
\c@subparagraph=\count85
\c@figure=\count86
\c@table=\count87
\abovecaptionskip=\skip41
\belowcaptionskip=\skip42
\bibindent=\dimen102
) ("C:\Program Files\MiKTeX 2.9\tex\latex\base\inputenc.sty"
Package: inputenc 2015/03/17 v1.2c Input encoding file
\inpenc@prehook=\toks14
\inpenc@posthook=\toks15

("C:\Program Files\MiKTeX 2.9\tex\latex\base\latin1.def"
File: latin1.def 2015/03/17 v1.2c Input encoding file
)) ("C:\Program Files\MiKTeX 2.9\tex\latex\base\fontenc.sty"
Package: fontenc 2017/04/05 v2.0i Standard LaTeX package

("C:\Program Files\MiKTeX 2.9\tex\latex\base\t1enc.def"
File: t1enc.def 2017/04/05 v2.0i Standard LaTeX file
LaTeX Font Info:    Redeclaring font encoding T1 on input line 48.
)) ("C:\Program Files\MiKTeX 2.9\tex\latex\geometry\geometry.sty"
Package: geometry 2010/09/12 v5.6 Page Geometry
("C:\Program Files\MiKTeX 2.9\tex\latex\graphics\keyval.sty"
Package: keyval 2014/10/28 v1.15 key=value parser (DPC)
\KV@toks@=\toks16
)
("C:\Program Files\MiKTeX 2.9\tex\generic\oberdiek\ifpdf.sty"
Package: ifpdf 2017/03/15 v3.2 Provides the ifpdf switch
)
("C:\Program Files\MiKTeX 2.9\tex\generic\oberdiek\ifvtex.sty"
Package: ifvtex 2016/05/16 v1.6 Detect VTeX and its facilities (HO)
Package ifvtex Info: VTeX not detected.
)
("C:\Program Files\MiKTeX 2.9\tex\generic\ifxetex\ifxetex.sty"
Package: ifxetex 2010/09/12 v0.6 Provides ifxetex conditional
)
\Gm@cnth=\count88
\Gm@cntv=\count89
\c@Gm@tempcnt=\count90
\Gm@bindingoffset=\dimen103
\Gm@wd@mp=\dimen104
\Gm@odd@mp=\dimen105
\Gm@even@mp=\dimen106
\Gm@layoutwidth=\dimen107
\Gm@layoutheight=\dimen108
\Gm@layouthoffset=\dimen109
\Gm@layoutvoffset=\dimen110
\Gm@dimlist=\toks17

("C:\Program Files\MiKTeX 2.9\tex\latex\geometry\geometry.cfg"))
("C:\Program Files\MiKTeX 2.9\tex\generic\babel\babel.sty"
Package: babel 2017/05/19 3.10 The Babel package

*************************************
* Local config file bblopts.cfg used
*
("C:\Program Files\MiKTeX 2.9\tex\latex\arabi\bblopts.cfg"
File: bblopts.cfg 2005/09/08 v0.1 add Arabic and Farsi to "declared" options of babel
)
("C:\Program Files\MiKTeX 2.9\tex\generic\babel-french\frenchb.ldf"
Language: frenchb 2017/04/30 v3.3a French support from the babel system

("C:\Program Files\MiKTeX 2.9\tex\generic\babel\babel.def"
File: babel.def 2017/05/19 3.10 Babel common definitions
\babel@savecnt=\count91
\U@D=\dimen111
)
\l@acadian = a dialect from \language\l@french 
\l@canadien = a dialect from \language\l@french 
\FB@nonchar=\count92
\FBcolonsp=\toks18
\FBthinsp=\toks19
Package babel Info: Making : an active character on input line 362.
Package babel Info: Making ; an active character on input line 363.
Package babel Info: Making ! an active character on input line 364.
Package babel Info: Making ? an active character on input line 365.
\FBguillsp=\toks20
\FBguill@level=\count93
\FB@everypar=\toks21
\FB@Mht=\dimen112
\mc@charclass=\count94
\mc@charfam=\count95
\mc@charslot=\count96
\std@mcc=\count97
\dec@mcc=\count98
\listindentFB=\skip43
\descindentFB=\skip44
\labelwidthFB=\skip45
\leftmarginFB=\skip46
\parindentFFN=\dimen113
\FBfnindent=\skip47
))
("C:\Program Files\MiKTeX 2.9\tex\latex\carlisle\scalefnt.sty")
("C:\Program Files\MiKTeX 2.9\tex\latex\graphics\graphicx.sty"
Package: graphicx 2014/10/28 v1.0g Enhanced LaTeX Graphics (DPC,SPQR)

("C:\Program Files\MiKTeX 2.9\tex\latex\graphics\graphics.sty"
Package: graphics 2017/04/14 v1.1b Standard LaTeX Graphics (DPC,SPQR)
 ("C:\Program Files\MiKTeX 2.9\tex\latex\graphics\trig.sty"
Package: trig 2016/01/03 v1.10 sin cos tan (DPC)
) ("C:\Program Files\MiKTeX 2.9\tex\latex\graphics-cfg\graphics.cfg"
File: graphics.cfg 2016/06/04 v1.11 sample graphics configuration
)
Package graphics Info: Driver file: pdftex.def on input line 99.

("C:\Program Files\MiKTeX 2.9\tex\latex\graphics-def\pdftex.def"
File: pdftex.def 2017/01/12 v0.06k Graphics/color for pdfTeX

("C:\Program Files\MiKTeX 2.9\tex\generic\oberdiek\infwarerr.sty"
Package: infwarerr 2016/05/16 v1.4 Providing info/warning/error messages (HO)
)
("C:\Program Files\MiKTeX 2.9\tex\generic\oberdiek\ltxcmds.sty"
Package: ltxcmds 2016/05/16 v1.23 LaTeX kernel commands for general use (HO)
)
\Gread@gobject=\count99
))
\Gin@req@height=\dimen114
\Gin@req@width=\dimen115
)
("C:\Program Files\MiKTeX 2.9\tex\latex\tools\verbatim.sty"
Package: verbatim 2014/10/28 v1.5q LaTeX2e package for verbatim enhancements
\every@verbatim=\toks22
\verbatim@line=\toks23
\verbatim@in@stream=\read1
)
("C:\Program Files\MiKTeX 2.9\tex\latex\setspace\setspace.sty"
Package: setspace 2011/12/19 v6.7a set line spacing
)
("C:\Program Files\MiKTeX 2.9\tex\latex\graphics\color.sty"
Package: color 2016/07/10 v1.1e Standard LaTeX Color (DPC)

("C:\Program Files\MiKTeX 2.9\tex\latex\graphics-cfg\color.cfg"
File: color.cfg 2016/01/02 v1.6 sample color configuration
)
Package color Info: Driver file: pdftex.def on input line 147.
) ("C:\Program Files\MiKTeX 2.9\tex\latex\float\float.sty"
Package: float 2001/11/08 v1.3d Float enhancements (AL)
\c@float@type=\count100
\float@exts=\toks24
\float@box=\box26
\@float@everytoks=\toks25
\@floatcapt=\box27
) ("C:\Program Files\MiKTeX 2.9\tex\latex\caption\caption.sty"
Package: caption 2016/02/21 v3.3-144 Customizing captions (AR)

("C:\Program Files\MiKTeX 2.9\tex\latex\caption\caption3.sty"
Package: caption3 2016/05/22 v1.7-166 caption3 kernel (AR)
Package caption3 Info: TeX engine: e-TeX on input line 67.
\captionmargin=\dimen116
\captionmargin@=\dimen117
\captionwidth=\dimen118
\caption@tempdima=\dimen119
\caption@indent=\dimen120
\caption@parindent=\dimen121
\caption@hangindent=\dimen122
)
\c@ContinuedFloat=\count101
Package caption Info: float package is loaded.
)
("C:\Program Files\MiKTeX 2.9\tex\latex\oberdiek\pdflscape.sty"
Package: pdflscape 2016/05/14 v0.11 Display of landscape pages in PDF (HO)

("C:\Program Files\MiKTeX 2.9\tex\latex\graphics\lscape.sty"
Package: lscape 2000/10/22 v3.01 Landscape Pages (DPC)
)
Package pdflscape Info: Auto-detected driver: pdftex on input line 81.
)
("C:\Program Files\MiKTeX 2.9\tex\latex\nomencl\nomencl.sty"
Package: nomencl 2005/09/22 v4.2 Nomenclature package (LN)
\nomlabelwidth=\dimen123
\nom@tempdim=\dimen124
\nomitemsep=\skip48
)
("C:\Program Files\MiKTeX 2.9\tex\latex\libertine\libertine.sty"
Package: libertine 2017/03/22 (Bob Tennent) Supports Libertine and Biolinum fonts for all LaTeX engines.

("C:\Program Files\MiKTeX 2.9\tex\generic\oberdiek\ifluatex.sty"
Package: ifluatex 2016/05/16 v1.4 Provides the ifluatex switch (HO)
Package ifluatex Info: LuaTeX not detected.
)
("C:\Program Files\MiKTeX 2.9\tex\latex\xkeyval\xkeyval.sty"
Package: xkeyval 2014/12/03 v2.7a package option processing (HA)

("C:\Program Files\MiKTeX 2.9\tex\generic\xkeyval\xkeyval.tex"
("C:\Program Files\MiKTeX 2.9\tex\generic\xkeyval\xkvutils.tex"
\XKV@toks=\toks26
\XKV@tempa@toks=\toks27
)
\XKV@depth=\count102
File: xkeyval.tex 2014/12/03 v2.7a key=value parser (HA)
))
("C:\Program Files\MiKTeX 2.9\tex\latex\base\textcomp.sty"
Package: textcomp 2017/04/05 v2.0i Standard LaTeX package
Package textcomp Info: Sub-encoding information:
(textcomp)               5 = only ISO-Adobe without \textcurrency
(textcomp)               4 = 5 + \texteuro
(textcomp)               3 = 4 + \textohm
(textcomp)               2 = 3 + \textestimated + \textcurrency
(textcomp)               1 = TS1 - \textcircled - \t
(textcomp)               0 = TS1 (full)
(textcomp)             Font families with sub-encoding setting implement
(textcomp)             only a restricted character set as indicated.
(textcomp)             Family '?' is the default used for unknown fonts.
(textcomp)             See the documentation for details.
Package textcomp Info: Setting ? sub-encoding to TS1/1 on input line 79.
 ("C:\Program Files\MiKTeX 2.9\tex\latex\base\ts1enc.def"
File: ts1enc.def 2001/06/05 v3.0e (jk/car/fm) Standard LaTeX file
)
LaTeX Info: Redefining \oldstylenums on input line 334.
Package textcomp Info: Setting cmr sub-encoding to TS1/0 on input line 349.
Package textcomp Info: Setting cmss sub-encoding to TS1/0 on input line 350.
Package textcomp Info: Setting cmtt sub-encoding to TS1/0 on input line 351.
Package textcomp Info: Setting cmvtt sub-encoding to TS1/0 on input line 352.
Package textcomp Info: Setting cmbr sub-encoding to TS1/0 on input line 353.
Package textcomp Info: Setting cmtl sub-encoding to TS1/0 on input line 354.
Package textcomp Info: Setting ccr sub-encoding to TS1/0 on input line 355.
Package textcomp Info: Setting ptm sub-encoding to TS1/4 on input line 356.
Package textcomp Info: Setting pcr sub-encoding to TS1/4 on input line 357.
Package textcomp Info: Setting phv sub-encoding to TS1/4 on input line 358.
Package textcomp Info: Setting ppl sub-encoding to TS1/3 on input line 359.
Package textcomp Info: Setting pag sub-encoding to TS1/4 on input line 360.
Package textcomp Info: Setting pbk sub-encoding to TS1/4 on input line 361.
Package textcomp Info: Setting pnc sub-encoding to TS1/4 on input line 362.
Package textcomp Info: Setting pzc sub-encoding to TS1/4 on input line 363.
Package textcomp Info: Setting bch sub-encoding to TS1/4 on input line 364.
Package textcomp Info: Setting put sub-encoding to TS1/5 on input line 365.
Package textcomp Info: Setting uag sub-encoding to TS1/5 on input line 366.
Package textcomp Info: Setting ugq sub-encoding to TS1/5 on input line 367.
Package textcomp Info: Setting ul8 sub-encoding to TS1/4 on input line 368.
Package textcomp Info: Setting ul9 sub-encoding to TS1/4 on input line 369.
Package textcomp Info: Setting augie sub-encoding to TS1/5 on input line 370.
Package textcomp Info: Setting dayrom sub-encoding to TS1/3 on input line 371.
Package textcomp Info: Setting dayroms sub-encoding to TS1/3 on input line 372.
Package textcomp Info: Setting pxr sub-encoding to TS1/0 on input line 373.
Package textcomp Info: Setting pxss sub-encoding to TS1/0 on input line 374.
Package textcomp Info: Setting pxtt sub-encoding to TS1/0 on input line 375.
Package textcomp Info: Setting txr sub-encoding to TS1/0 on input line 376.
Package textcomp Info: Setting txss sub-encoding to TS1/0 on input line 377.
Package textcomp Info: Setting txtt sub-encoding to TS1/0 on input line 378.
Package textcomp Info: Setting lmr sub-encoding to TS1/0 on input line 379.
Package textcomp Info: Setting lmdh sub-encoding to TS1/0 on input line 380.
Package textcomp Info: Setting lmss sub-encoding to TS1/0 on input line 381.
Package textcomp Info: Setting lmssq sub-encoding to TS1/0 on input line 382.
Package textcomp Info: Setting lmvtt sub-encoding to TS1/0 on input line 383.
Package textcomp Info: Setting lmtt sub-encoding to TS1/0 on input line 384.
Package textcomp Info: Setting qhv sub-encoding to TS1/0 on input line 385.
Package textcomp Info: Setting qag sub-encoding to TS1/0 on input line 386.
Package textcomp Info: Setting qbk sub-encoding to TS1/0 on input line 387.
Package textcomp Info: Setting qcr sub-encoding to TS1/0 on input line 388.
Package textcomp Info: Setting qcs sub-encoding to TS1/0 on input line 389.
Package textcomp Info: Setting qpl sub-encoding to TS1/0 on input line 390.
Package textcomp Info: Setting qtm sub-encoding to TS1/0 on input line 391.
Package textcomp Info: Setting qzc sub-encoding to TS1/0 on input line 392.
Package textcomp Info: Setting qhvc sub-encoding to TS1/0 on input line 393.
Package textcomp Info: Setting futs sub-encoding to TS1/4 on input line 394.
Package textcomp Info: Setting futx sub-encoding to TS1/4 on input line 395.
Package textcomp Info: Setting futj sub-encoding to TS1/4 on input line 396.
Package textcomp Info: Setting hlh sub-encoding to TS1/3 on input line 397.
Package textcomp Info: Setting hls sub-encoding to TS1/3 on input line 398.
Package textcomp Info: Setting hlst sub-encoding to TS1/3 on input line 399.
Package textcomp Info: Setting hlct sub-encoding to TS1/5 on input line 400.
Package textcomp Info: Setting hlx sub-encoding to TS1/5 on input line 401.
Package textcomp Info: Setting hlce sub-encoding to TS1/5 on input line 402.
Package textcomp Info: Setting hlcn sub-encoding to TS1/5 on input line 403.
Package textcomp Info: Setting hlcw sub-encoding to TS1/5 on input line 404.
Package textcomp Info: Setting hlcf sub-encoding to TS1/5 on input line 405.
Package textcomp Info: Setting pplx sub-encoding to TS1/3 on input line 406.
Package textcomp Info: Setting pplj sub-encoding to TS1/3 on input line 407.
Package textcomp Info: Setting ptmx sub-encoding to TS1/4 on input line 408.
Package textcomp Info: Setting ptmj sub-encoding to TS1/4 on input line 409.
)
("C:\Program Files\MiKTeX 2.9\tex\latex\mweights\mweights.sty"
Package: mweights 2017/03/30 (Bob Tennent) Support package for multiple-weight font packages. 
LaTeX Info: Redefining \bfseries on input line 22.
LaTeX Info: Redefining \mdseries on input line 30.
LaTeX Info: Redefining \rmfamily on input line 38.
LaTeX Info: Redefining \sffamily on input line 66.
LaTeX Info: Redefining \ttfamily on input line 94.
) ("C:\Program Files\MiKTeX 2.9\tex\latex\base\fontenc.sty"
Package: fontenc 2017/04/05 v2.0i Standard LaTeX package
) ("C:\Program Files\MiKTeX 2.9\tex\latex\fontaxes\fontaxes.sty"
Package: fontaxes 2014/03/23 v1.0d Font selection axes
LaTeX Info: Redefining \upshape on input line 29.
LaTeX Info: Redefining \itshape on input line 31.
LaTeX Info: Redefining \slshape on input line 33.
LaTeX Info: Redefining \scshape on input line 37.
)
LaTeX Info: Redefining \oldstylenums on input line 481.

("C:\Program Files\MiKTeX 2.9\tex\latex\libertine\LinLibertine_I.tex"))

! LaTeX Error: Option clash for package graphicx.

See the LaTeX manual or LaTeX Companion for explanation.
Type  H <return>  for immediate help.
 ...                                              
                                                  
l.18 \renewcommand
                  {\familydefault}{\sfdefault}
The package graphicx has already been loaded with options:
  []
There has now been an attempt to load it with options
  [pdftex]
Adding the global options:
  ,pdftex
to your \documentclass declaration may fix this.
Try typing  <return>  to proceed.

\@nomenclaturefile=\write3
\openout3 = `Untitled.nlo'.

Writing nomenclature file Untitled.nlo
(Untitled.aux

LaTeX Warning: Label `fig:composantsTB1' multiply defined.

)
\openout1 = `Untitled.aux'.

LaTeX Font Info:    Checking defaults for OML/cmm/m/it on input line 26.
LaTeX Font Info:    ... okay on input line 26.
LaTeX Font Info:    Checking defaults for T1/cmr/m/n on input line 26.
LaTeX Font Info:    ... okay on input line 26.
LaTeX Font Info:    Checking defaults for OT1/cmr/m/n on input line 26.
LaTeX Font Info:    ... okay on input line 26.
LaTeX Font Info:    Checking defaults for OMS/cmsy/m/n on input line 26.
LaTeX Font Info:    ... okay on input line 26.
LaTeX Font Info:    Checking defaults for OMX/cmex/m/n on input line 26.
LaTeX Font Info:    ... okay on input line 26.
LaTeX Font Info:    Checking defaults for U/cmr/m/n on input line 26.
LaTeX Font Info:    ... okay on input line 26.
LaTeX Font Info:    Checking defaults for TS1/cmr/m/n on input line 26.
LaTeX Font Info:    Try loading font information for TS1+cmr on input line 26.
 ("C:\Program Files\MiKTeX 2.9\tex\latex\base\ts1cmr.fd"
File: ts1cmr.fd 2014/09/29 v2.5h Standard LaTeX font definitions
)
LaTeX Font Info:    ... okay on input line 26.
LaTeX Font Info:    Try loading font information for T1+LinuxBiolinumT-TLF on input line 26.

("C:\Program Files\MiKTeX 2.9\tex\latex\libertine\t1linuxbiolinumt-tlf.fd"
File: T1LinuxBiolinumT-TLF.fd 2017/03/20 (autoinst) Font definitions for T1/LinuxBiolinumT-TLF.
)
LaTeX Font Info:    Font shape `T1/LinuxBiolinumT-TLF/m/n' will be
(Font)              scaled to size 12.0pt on input line 26.

*geometry* driver: auto-detecting
*geometry* detected driver: pdftex
*geometry* verbose mode - [ preamble ] result:
* driver: pdftex
* paper: a4paper
* layout: <same size as paper>
* layoutoffset:(h,v)=(0.0pt,0.0pt)
* modes: 
* h-part:(L,W,R)=(128.0374pt, 412.56497pt, 56.9055pt)
* v-part:(T,H,B)=(56.9055pt, 702.78308pt, 85.35826pt)
* \paperwidth=597.50787pt
* \paperheight=845.04684pt
* \textwidth=412.56497pt
* \textheight=702.78308pt
* \oddsidemargin=55.76741pt
* \evensidemargin=55.76741pt
* \topmargin=-52.36449pt
* \headheight=12.0pt
* \headsep=25.0pt
* \topskip=12.0pt
* \footskip=30.0pt
* \marginparwidth=35.0pt
* \marginparsep=10.0pt
* \columnsep=10.0pt
* \skip\footins=10.8pt plus 4.0pt minus 2.0pt
* \hoffset=0.0pt
* \voffset=0.0pt
* \mag=1000
* \@twocolumnfalse
* \@twosidefalse
* \@mparswitchfalse
* \@reversemarginfalse
* (1in=72.27pt=25.4mm, 1cm=28.453pt)

LaTeX Info: Redefining \degres on input line 26.
LaTeX Info: Redefining \dots on input line 26.
LaTeX Info: Redefining \up on input line 26.
("C:\Program Files\MiKTeX 2.9\tex\context\base\supp-pdf.mkii"
[Loading MPS to PDF converter (version 2006.09.02).]
\scratchcounter=\count103
\scratchdimen=\dimen125
\scratchbox=\box28
\nofMPsegments=\count104
\nofMParguments=\count105
\everyMPshowfont=\toks28
\MPscratchCnt=\count106
\MPscratchDim=\dimen126
\MPnumerator=\count107
\makeMPintoPDFobject=\count108
\everyMPtoPDFconversion=\toks29
) ("C:\Program Files\MiKTeX 2.9\tex\generic\oberdiek\pdftexcmds.sty"
Package: pdftexcmds 2017/03/19 v0.25 Utility functions of pdfTeX for LuaTeX (HO)
Package pdftexcmds Info: LuaTeX not detected.
Package pdftexcmds Info: \pdf@primitive is available.
Package pdftexcmds Info: \pdf@ifprimitive is available.
Package pdftexcmds Info: \pdfdraftmode found.
)
("C:\Program Files\MiKTeX 2.9\tex\latex\oberdiek\epstopdf-base.sty"
Package: epstopdf-base 2016/05/15 v2.6 Base part for package epstopdf

("C:\Program Files\MiKTeX 2.9\tex\latex\oberdiek\grfext.sty"
Package: grfext 2016/05/16 v1.2 Manage graphics extensions (HO)

("C:\Program Files\MiKTeX 2.9\tex\generic\oberdiek\kvdefinekeys.sty"
Package: kvdefinekeys 2016/05/16 v1.4 Define keys (HO)
))
("C:\Program Files\MiKTeX 2.9\tex\latex\oberdiek\kvoptions.sty"
Package: kvoptions 2016/05/16 v3.12 Key value format for package options (HO)

("C:\Program Files\MiKTeX 2.9\tex\generic\oberdiek\kvsetkeys.sty"
Package: kvsetkeys 2016/05/16 v1.17 Key value parser (HO)

("C:\Program Files\MiKTeX 2.9\tex\generic\oberdiek\etexcmds.sty"
Package: etexcmds 2016/05/16 v1.6 Avoid name clashes with e-TeX commands (HO)
Package etexcmds Info: Could not find \expanded.
(etexcmds)             That can mean that you are not using pdfTeX 1.50 or
(etexcmds)             that some package has redefined \expanded.
(etexcmds)             In the latter case, load this package earlier.
)))
Package epstopdf-base Info: Redefining graphics rule for `.eps' on input line 438.
Package grfext Info: Graphics extension search list:
(grfext)             [.png,.pdf,.jpg,.mps,.jpeg,.jbig2,.jb2,.PNG,.PDF,.JPG,.JPEG,.JBIG2,.JB2,.eps]
(grfext)             \AppendGraphicsExtensions on input line 456.
)
Package caption Info: Begin \AtBeginDocument code.
Package caption Info: End \AtBeginDocument code.
\c@mv@tabular=\count109
\c@mv@boldtabular=\count110
LaTeX Font Info:    Font shape `T1/LinuxBiolinumT-TLF/m/sc' will be
(Font)              scaled to size 12.0pt on input line 52.
LaTeX Font Info:    Font shape `T1/LinuxBiolinumT-TLF/m/sc' will be
(Font)              scaled to size 20.74pt on input line 52.

! Extra }, or forgotten \endgroup.
l.54 }
       % Name of your university/college
I've deleted a group-closing symbol because it seems to be
spurious, as in `$x}$'. But perhaps the } is legitimate and
you forgot something else, as in `\hbox{$x}'. In such cases
the way to recover is to insert both the forgotten and the
deleted material, e.g., by typing `I$}'.

LaTeX Font Info:    Try loading font information for TS1+LinuxBiolinumT-TLF on input line 60.
("C:\Program Files\MiKTeX 2.9\tex\latex\libertine\ts1linuxbiolinumt-tlf.fd"
File: TS1LinuxBiolinumT-TLF.fd 2017/03/20 (autoinst) Font definitions for TS1/LinuxBiolinumT-TLF.
)

LaTeX Font Warning: Font shape `TS1/LinuxBiolinumT-TLF/m/sc' undefined
(Font)              using `TS1/LinuxBiolinumT-TLF/m/n' instead
(Font)              for symbol `textdegree' on input line 60.

LaTeX Font Info:    Font shape `TS1/LinuxBiolinumT-TLF/m/n' will be
(Font)              scaled to size 12.0pt on input line 60.
! Extra }, or forgotten \endgroup.
l.62 }
      \\[0.5cm] % Major heading such as course name
I've deleted a group-closing symbol because it seems to be
spurious, as in `$x}$'. But perhaps the } is legitimate and
you forgot something else, as in `\hbox{$x}'. In such cases
the way to recover is to insert both the forgotten and the
deleted material, e.g., by typing `I$}'.


! LaTeX Error: There's no line here to end.

See the LaTeX manual or LaTeX Companion for explanation.
Type  H <return>  for immediate help.
 ...                                              
                                                  
l.62 }\\
        [0.5cm] % Major heading such as course name
Your command was ignored.
Type  I <command> <return>  to replace it with another command,
or  <return>  to continue without it.

LaTeX Font Info:    Font shape `T1/LinuxBiolinumT-TLF/m/sc' will be
(Font)              scaled to size 14.4pt on input line 63.
! Undefined control sequence.
l.69 \HRule
            \\[0.3cm]
The control sequence at the end of the top line
of your error message was never \def'ed. If you have
misspelled it (e.g., `\hobx'), type `I' and the correct
spelling (e.g., `I\hbox'). Otherwise just continue,
and I'll forget about whatever was undefined.


! LaTeX Error: There's no line here to end.

See the LaTeX manual or LaTeX Companion for explanation.
Type  H <return>  for immediate help.
 ...                                              
                                                  
l.69 \HRule \\
              [0.3cm]
Your command was ignored.
Type  I <command> <return>  to replace it with another command,
or  <return>  to continue without it.

LaTeX Font Info:    Font shape `T1/LinuxBiolinumT-TLF/m/n' will be
(Font)              scaled to size 24.88pt on input line 70.
LaTeX Font Info:    Font shape `T1/LinuxBiolinumT-TLF/b/n' will be
(Font)              scaled to size 24.88pt on input line 70.
! Undefined control sequence.
l.71 \HRule
            \\[1.5cm]
The control sequence at the end of the top line
of your error message was never \def'ed. If you have
misspelled it (e.g., `\hobx'), type `I' and the correct
spelling (e.g., `I\hbox'). Otherwise just continue,
and I'll forget about whatever was undefined.


! LaTeX Error: There's no line here to end.

See the LaTeX manual or LaTeX Companion for explanation.
Type  H <return>  for immediate help.
 ...                                              
                                                  
l.71 \HRule \\
              [1.5cm]
Your command was ignored.
Type  I <command> <return>  to replace it with another command,
or  <return>  to continue without it.

LaTeX Font Info:    Font shape `T1/LinuxBiolinumT-TLF/m/n' will be
(Font)              scaled to size 14.4pt on input line 80.
LaTeX Font Info:    Font shape `T1/LinuxBiolinumT-TLF/m/it' will be
(Font)              scaled to size 14.4pt on input line 81.
LaTeX Font Info:    External font `cmex10' loaded for size
(Font)              <12> on input line 90.
LaTeX Font Info:    External font `cmex10' loaded for size
(Font)              <8> on input line 90.
LaTeX Font Info:    External font `cmex10' loaded for size
(Font)              <6> on input line 90.
LaTeX Font Info:    Font shape `T1/LinuxBiolinumT-TLF/m/scit' will be
(Font)              scaled to size 14.4pt on input line 105.
[1

{C:/ProgramData/MiKTeX/2.9/pdftex/config/pdftex.map}]
LaTeX Font Info:    Font shape `T1/LinuxBiolinumT-TLF/m/sl' in size <12> not available
(Font)              Font shape `T1/LinuxBiolinumT-TLF/m/it' tried instead on input line 130.
LaTeX Font Info:    Font shape `T1/LinuxBiolinumT-TLF/m/it' will be
(Font)              scaled to size 12.0pt on input line 130.
 [2] [1]
LaTeX Font Info:    Font shape `T1/LinuxBiolinumT-TLF/b/sc' will be
(Font)              scaled to size 24.88pt on input line 135.
LaTeX Font Info:    Font shape `T1/LinuxBiolinumT-TLF/b/n' will be
(Font)              scaled to size 12.0pt on input line 139.
 [2

]
LaTeX Font Info:    Font shape `T1/LinuxBiolinumT-TLF/b/it' in size <12> not available
(Font)              Font shape `T1/LinuxBiolinumT-TLF/b/sl' tried instead on input line 168.
LaTeX Font Info:    Font shape `T1/LinuxBiolinumT-TLF/b/sl' will be
(Font)              scaled to size 12.0pt on input line 168.

! Extra }, or forgotten \endgroup.
l.170 }
       
I've deleted a group-closing symbol because it seems to be
spurious, as in `$x}$'. But perhaps the } is legitimate and
you forgot something else, as in `\hbox{$x}'. In such cases
the way to recover is to insert both the forgotten and the
deleted material, e.g., by typing `I$}'.

[3] [4

]

! LaTeX Error: There's no line here to end.

See the LaTeX manual or LaTeX Companion for explanation.
Type  H <return>  for immediate help.
 ...                                              
                                                  
l.227 \newline
              
Your command was ignored.
Type  I <command> <return>  to replace it with another command,
or  <return>  to continue without it.


! LaTeX Error: There's no line here to end.

See the LaTeX manual or LaTeX Companion for explanation.
Type  H <return>  for immediate help.
 ...                                              
                                                  
l.228 \newline
              
Your command was ignored.
Type  I <command> <return>  to replace it with another command,
or  <return>  to continue without it.


! LaTeX Error: There's no line here to end.

See the LaTeX manual or LaTeX Companion for explanation.
Type  H <return>  for immediate help.
 ...                                              
                                                  
l.229 \newline
              
Your command was ignored.
Type  I <command> <return>  to replace it with another command,
or  <return>  to continue without it.


Overfull \hbox (2.8303pt too wide) in paragraph at lines 231--232
 [] \T1/LinuxBiolinumT-TLF/b/n/12 Mots clé \T1/LinuxBiolinumT-TLF/m/n/12 : CRM, \T1/LinuxBiolinumT-TLF/m/sc/12 sa-les-fo
rce.com\T1/LinuxBiolinumT-TLF/m/n/12 , Apex, Vi-sual-Force, SOQL, Force.com,Cloud Com-
 []

[5

]
Underfull \hbox (badness 10000) in paragraph at lines 252--256

 []


Underfull \hbox (badness 10000) in paragraph at lines 252--256

 []


Underfull \hbox (badness 10000) in paragraph at lines 252--256

 []


Overfull \hbox (35.71024pt too wide) in paragraph at lines 257--258
 [] \T1/LinuxBiolinumT-TLF/b/n/12 Mots clé \T1/LinuxBiolinumT-TLF/m/n/12 : CRM, \T1/LinuxBiolinumT-TLF/m/sc/12 sa-les-fo
rce.com\T1/LinuxBiolinumT-TLF/m/n/12 , Vi-sual-Force, APEX, SOQL, Vi-sual-force, Force.com,Cloud
 []

No file Untitled.nls.
[6

] (Untitled.lof)
\tf@lof=\write4
\openout4 = `Untitled.lof'.

 [7

] (Untitled.lot)
\tf@lot=\write5
\openout5 = `Untitled.lot'.

 [8

] (Untitled.toc
LaTeX Font Info:    Font shape `T1/LinuxBiolinumT-TLF/b/sc' will be
(Font)              scaled to size 12.0pt on input line 2.
 [9

]
LaTeX Font Info:    Font shape `T1/LinuxBiolinumT-TLF/m/n' will be
(Font)              scaled to size 7.79993pt on input line 87.
)
\tf@toc=\write6
\openout6 = `Untitled.toc'.

LaTeX Font Info:    Font shape `T1/LinuxBiolinumT-TLF/m/scsl' in size <12> not available
(Font)              Font shape `T1/LinuxBiolinumT-TLF/m/scit' tried instead on input line 278.
LaTeX Font Info:    Font shape `T1/LinuxBiolinumT-TLF/m/scit' will be
(Font)              scaled to size 12.0pt on input line 278.
 [10]

! Package inputenc Error: Keyboard character used is undefined
(inputenc)                in inputencoding `latin1'.

See the inputenc package documentation for explanation.
Type  H <return>  for immediate help.
 ...                                              
                                                  
l.302 ...ier chapitre} est consacré à la mise en œ
                                                  uvre du projet en décrivan...
You need to provide a definition with \DeclareInputText 
or \DeclareInputMath before using this key.

[11

] [12]
Chapitre 1.
LaTeX Font Info:    Font shape `T1/LinuxBiolinumT-TLF/m/n' will be
(Font)              scaled to size 17.28pt on input line 314.
LaTeX Font Info:    Font shape `T1/LinuxBiolinumT-TLF/b/n' will be
(Font)              scaled to size 17.28pt on input line 314.
LaTeX Font Info:    Font shape `T1/LinuxBiolinumT-TLF/b/n' will be
(Font)              scaled to size 14.4pt on input line 319.

! Package inputenc Error: Keyboard character used is undefined
(inputenc)                in inputencoding `latin1'.

See the inputenc package documentation for explanation.
Type  H <return>  for immediate help.
 ...                                              
                                                  
l.322 ...Fortement convaincu du gain important qu’
                                                  apportent les solutions Sa...
You need to provide a definition with \DeclareInputText 
or \DeclareInputMath before using this key.


! Package inputenc Error: Keyboard character used is undefined
(inputenc)                in inputencoding `latin1'.

See the inputenc package documentation for explanation.
Type  H <return>  for immediate help.
 ...                                              
                                                  
l.326 NEOXIA dispose d’
                       une équipe de 40 collaborateurs à Paris et 31 collabo...
You need to provide a definition with \DeclareInputText 
or \DeclareInputMath before using this key.

<neoxiaprofil.png, id=54, 372.64218pt x 244.66406pt>
File: neoxiaprofil.png Graphic file (type png)
 <use neoxiaprofil.png>
Package pdftex.def Info: neoxiaprofil.png used on input line 331.
(pdftex.def)             Requested size: 335.37486pt x 220.1956pt.
 [13

]

! Package inputenc Error: Keyboard character used is undefined
(inputenc)                in inputencoding `latin1'.

See the inputenc package documentation for explanation.
Type  H <return>  for immediate help.
 ...                                              
                                                  
l.335 Le graphe ci-dessous montre le chiffre d’
                                               affaires de NEOXIA en France ...
You need to provide a definition with \DeclareInputText 
or \DeclareInputMath before using this key.

<ca.png, id=59, 310.91156pt x 186.6975pt>
File: ca.png Graphic file (type png)
 <use ca.png>
Package pdftex.def Info: ca.png used on input line 340.
(pdftex.def)             Requested size: 279.8178pt x 168.02618pt.
 <nxmaroc.png, id=60, 188.20313pt x 188.95593pt>
File: nxmaroc.png Graphic file (type png)

<use nxmaroc.png>
Package pdftex.def Info: nxmaroc.png used on input line 346.
(pdftex.def)             Requested size: 169.38123pt x 170.05875pt.
 [14 <./neoxiaprofil.png> <./ca.png>] <secteur.png, id=65, 466.74374pt x 271.0125pt>
File: secteur.png Graphic file (type png)
 <use secteur.png>
Package pdftex.def Info: secteur.png used on input line 353.
(pdftex.def)             Requested size: 420.06549pt x 243.90898pt.

Overfull \hbox (7.50052pt too wide) in paragraph at lines 353--354
 [][] 
 []

[15 <./nxmaroc.png> <./secteur.png>]

! Package inputenc Error: Keyboard character used is undefined
(inputenc)                in inputencoding `latin1'.

See the inputenc package documentation for explanation.
Type  H <return>  for immediate help.
 ...                                              
                                                  
l.372 - Architecture orientée services et d’
                                            intégration
You need to provide a definition with \DeclareInputText 
or \DeclareInputMath before using this key.


! Package inputenc Error: Keyboard character used is undefined
(inputenc)                in inputencoding `latin1'.

See the inputenc package documentation for explanation.
Type  H <return>  for immediate help.
 ...                                              
                                                  
l.373 - Management de l’
                        information
You need to provide a definition with \DeclareInputText 
or \DeclareInputMath before using this key.


! Package inputenc Error: Keyboard character used is undefined
(inputenc)                in inputencoding `latin1'.

See the inputenc package documentation for explanation.
Type  H <return>  for immediate help.
 ...                                              
                                                  
l.374 - Architecture logicielle et socles d’
                                            industrialisation
You need to provide a definition with \DeclareInputText 
or \DeclareInputMath before using this key.


! Package inputenc Error: Keyboard character used is undefined
(inputenc)                in inputencoding `latin1'.

See the inputenc package documentation for explanation.
Type  H <return>  for immediate help.
 ...                                              
                                                  
l.380 - Sécurité applicative et d’
                                  infrastructure
You need to provide a definition with \DeclareInputText 
or \DeclareInputMath before using this key.


! Package inputenc Error: Keyboard character used is undefined
(inputenc)                in inputencoding `latin1'.

See the inputenc package documentation for explanation.
Type  H <return>  for immediate help.
 ...                                              
                                                  
l.385 - Rationalisation des investissements d’
                                              infrastructure
You need to provide a definition with \DeclareInputText 
or \DeclareInputMath before using this key.


! Package inputenc Error: Keyboard character used is undefined
(inputenc)                in inputencoding `latin1'.

See the inputenc package documentation for explanation.
Type  H <return>  for immediate help.
 ...                                              
                                                  
l.388 - Assistance à maîtrise d’
                                ouvrage
You need to provide a definition with \DeclareInputText 
or \DeclareInputMath before using this key.


Overfull \hbox (0.31155pt too wide) in paragraph at lines 397--403
\T1/LinuxBiolinumT-TLF/m/n/12 Eta-blis-se-ments de for-ma-tion Pour as-su-rer cet ac-com-pa-gne-ment, NEOXIA mène
 []

<dec.png, id=70, 1204.5pt x 378.66469pt>
File: dec.png Graphic file (type png)
 <use dec.png>
Package pdftex.def Info: dec.png used on input line 414.
(pdftex.def)             Requested size: 843.14427pt x 265.06346pt.

Overfull \hbox (430.5793pt too wide) in paragraph at lines 414--415
 [][] 
 []

[16]
! Misplaced alignment tab character &.
l.426 ...st membre fondateur de l'institut Agile &
                                                   participant régulier du S...
I can't figure out why you would want to use a tab mark
here. If you just want an ampersand, the remedy is
simple: Just type `I\&' now. But if some right brace
up above has ended a previous alignment prematurely,
you're probably due for more error messages, and you
might try typing `S' now just to see what is salvageable.

[17 <./dec.png>]
Chapitre 2.
[18

] <rank.png, id=81, 876.27374pt x 346.29375pt>
File: rank.png Graphic file (type png)
 <use rank.png>
Package pdftex.def Info: rank.png used on input line 448.
(pdftex.def)             Requested size: 271.64204pt x 107.34995pt.
 <gantt.png, id=82, 1429.34pt x 627.34375pt>
File: gantt.png Graphic file (type png)

<use gantt.png>
Package pdftex.def Info: gantt.png used on input line 457.
(pdftex.def)             Requested size: 443.09082pt x 194.47455pt.

Overfull \hbox (30.52585pt too wide) in paragraph at lines 457--458
 [][] 
 []

[19 <./rank.png> <./gantt.png>] <Picture1.png, id=88, 469.00218pt x 147.55125pt>
File: Picture1.png Graphic file (type png)
 <use Picture1.png>
Package pdftex.def Info: Picture1.png used on input line 483.
(pdftex.def)             Requested size: 469.00104pt x 147.55087pt.

Overfull \hbox (56.43607pt too wide) in paragraph at lines 483--484
 [][] 
 []

[20]
! Missing $ inserted.
<inserted text> 
                $
l.496  -_
         -_-_-_-_-_-_-_-_-_-_-_
I've inserted a begin-math/end-math symbol since I think
you left one out. Proceed, with fingers crossed.

! Double subscript.
l.496  -_-_
           -_-_-_-_-_-_-_-_-_-_
I treat `x_1_2' essentially like `x_1{}_2'.

! Double subscript.
l.496  -_-_-_
             -_-_-_-_-_-_-_-_-_
I treat `x_1_2' essentially like `x_1{}_2'.

! Double subscript.
l.496  -_-_-_-_
               -_-_-_-_-_-_-_-_
I treat `x_1_2' essentially like `x_1{}_2'.

! Double subscript.
l.496  -_-_-_-_-_
                 -_-_-_-_-_-_-_
I treat `x_1_2' essentially like `x_1{}_2'.

! Double subscript.
l.496  -_-_-_-_-_-_
                   -_-_-_-_-_-_
I treat `x_1_2' essentially like `x_1{}_2'.

! Double subscript.
l.496  -_-_-_-_-_-_-_
                     -_-_-_-_-_
I treat `x_1_2' essentially like `x_1{}_2'.

! Double subscript.
l.496  -_-_-_-_-_-_-_-_
                       -_-_-_-_
I treat `x_1_2' essentially like `x_1{}_2'.

! Double subscript.
l.496  -_-_-_-_-_-_-_-_-_
                         -_-_-_
I treat `x_1_2' essentially like `x_1{}_2'.

! Double subscript.
l.496  -_-_-_-_-_-_-_-_-_-_
                           -_-_
I treat `x_1_2' essentially like `x_1{}_2'.

! Double subscript.
l.496  -_-_-_-_-_-_-_-_-_-_-_
                             -_
I treat `x_1_2' essentially like `x_1{}_2'.

! Double subscript.
l.496  -_-_-_-_-_-_-_-_-_-_-_-_
                               
I treat `x_1_2' essentially like `x_1{}_2'.

! Missing $ inserted.
<inserted text> 
                $
l.497 
      
I've inserted a begin-math/end-math symbol since I think
you left one out. Proceed, with fingers crossed.

! Missing } inserted.
<inserted text> 
                }
l.497 
      
I've inserted something that you may have forgotten.
(See the <inserted text> above.)
With luck, this will get me unwedged. But if you
really didn't forget anything, try typing `2' now; then
my insertion and my current dilemma will both disappear.

! Extra }, or forgotten \endgroup.
\@par ... \@noitemerr {\@@par }\fi \else {\@@par }
                                                  \fi 
l.497 
      
I've deleted a group-closing symbol because it seems to be
spurious, as in `$x}$'. But perhaps the } is legitimate and
you forgot something else, as in `\hbox{$x}'. In such cases
the way to recover is to insert both the forgotten and the
deleted material, e.g., by typing `I$}'.

[21 <./Picture1.png>]
Chapitre 3.

! Package inputenc Error: Keyboard character used is undefined
(inputenc)                in inputencoding `latin1'.

See the inputenc package documentation for explanation.
Type  H <return>  for immediate help.
 ...                                              
                                                  
l.502 Avant d’
              entamer la partie pratique de notre projet, il nous est paru j...
You need to provide a definition with \DeclareInputText 
or \DeclareInputMath before using this key.


! Package inputenc Error: Keyboard character used is undefined
(inputenc)                in inputencoding `latin1'.

See the inputenc package documentation for explanation.
Type  H <return>  for immediate help.
 ...                                              
                                                  
l.502 ...écialisées, permettant aux entreprises d’
                                                  assurer un suivi de leur c...
You need to provide a definition with \DeclareInputText 
or \DeclareInputMath before using this key.


! Package inputenc Error: Keyboard character used is undefined
(inputenc)                in inputencoding `latin1'.

See the inputenc package documentation for explanation.
Type  H <return>  for immediate help.
 ...                                              
                                                  
l.502 ...nous allons présenter le module SFA ou l’
                                                  Automatisation des Forces ...
You need to provide a definition with \DeclareInputText 
or \DeclareInputMath before using this key.


! Package inputenc Error: Keyboard character used is undefined
(inputenc)                in inputencoding `latin1'.

See the inputenc package documentation for explanation.
Type  H <return>  for immediate help.
 ...                                              
                                                  
l.502 ...utomatisation des Forces de Vente puisqu’
                                                  il est le module abordé du...
You need to provide a definition with \DeclareInputText 
or \DeclareInputMath before using this key.


! Package inputenc Error: Keyboard character used is undefined
(inputenc)                in inputencoding `latin1'.

See the inputenc package documentation for explanation.
Type  H <return>  for immediate help.
 ...                                              
                                                  
l.504  Le CRM est un processus mettant en œ
                                           uvre outils logiciels, méthodes, ...
You need to provide a definition with \DeclareInputText 
or \DeclareInputMath before using this key.

[22

]

! Package inputenc Error: Keyboard character used is undefined
(inputenc)                in inputencoding `latin1'.

See the inputenc package documentation for explanation.
Type  H <return>  for immediate help.
 ...                                              
                                                  
l.518 C'est l’
              étape du CRM qui consiste à mettre en place la stratégie de ge...
You need to provide a definition with \DeclareInputText 
or \DeclareInputMath before using this key.

[23]

! Package inputenc Error: Keyboard character used is undefined
(inputenc)                in inputencoding `latin1'.

See the inputenc package documentation for explanation.
Type  H <return>  for immediate help.
 ...                                              
                                                  
l.521 ...dèles éventuellement. Souvent placé au cœ
                                                  ur de la business intellig...
You need to provide a definition with \DeclareInputText 
or \DeclareInputMath before using this key.


! Package inputenc Error: Keyboard character used is undefined
(inputenc)                in inputencoding `latin1'.

See the inputenc package documentation for explanation.
Type  H <return>  for immediate help.
 ...                                              
                                                  
l.521 ...on des gammes de produits et de services…
                                                  ).
You need to provide a definition with \DeclareInputText 
or \DeclareInputMath before using this key.

[24]

! Package inputenc Error: Keyboard character used is undefined
(inputenc)                in inputencoding `latin1'.

See the inputenc package documentation for explanation.
Type  H <return>  for immediate help.
 ...                                              
                                                  
l.534 ...nquérir de nouveau client :} la mise en œ
                                                  uvre d'une stratégie orien...
You need to provide a definition with \DeclareInputText 
or \DeclareInputMath before using this key.

[25]

! Package inputenc Error: Keyboard character used is undefined
(inputenc)                in inputencoding `latin1'.

See the inputenc package documentation for explanation.
Type  H <return>  for immediate help.
 ...                                              
                                                  
l.557 	Automatisation –
                        « l'infrastructure scriptable » : Nous pouvons mettr...
You need to provide a definition with \DeclareInputText 
or \DeclareInputMath before using this key.


Overfull \hbox (6.15459pt too wide) in paragraph at lines 559--560
[]\T1/LinuxBiolinumT-TLF/m/n/12 Adaptation au-to-ma-tique de la ca-pa-cité (auto-scaling) : Nous pou-vons adap-
 []

[26]

! Package inputenc Error: Keyboard character used is undefined
(inputenc)                in inputencoding `latin1'.

See the inputenc package documentation for explanation.
Type  H <return>  for immediate help.
 ...                                              
                                                  
l.575 ...t être anticipés en amont et mettent en œ
                                                  uvre un processus décision...
You need to provide a definition with \DeclareInputText 
or \DeclareInputMath before using this key.


Overfull \hbox (34.75777pt too wide) in paragraph at lines 575--576
[]\T1/LinuxBiolinumT-TLF/m/n/12 Suppression quasi-totale des in-ves-tis-se-ments amont d'in-fra-struc-ture : Construire
 []

[27] [28]
Chapitre 4.
[29

] <processusmarketing.png, id=123, 529.98pt x 332.74312pt>
File: processusmarketing.png Graphic file (type png)
 <use processusmarketing.png>
Package pdftex.def Info: processusmarketing.png used on input line 608.
(pdftex.def)             Requested size: 217.2932pt x 136.42555pt.

<processusvente2.png, id=124, 581.92406pt x 258.9675pt>
File: processusvente2.png Graphic file (type png)
 <use processusvente2.png>
Package pdftex.def Info: processusvente2.png used on input line 618.
(pdftex.def)             Requested size: 436.44197pt x 194.22513pt.

Overfull \hbox (23.877pt too wide) in paragraph at lines 618--619
 [][] 
 []

[30 <./processusmarketing.png>] <processusfacturation.png, id=129, 475.02469pt x 555.57562pt>
File: processusfacturation.png Graphic file (type png)

<use processusfacturation.png>
Package pdftex.def Info: processusfacturation.png used on input line 639.
(pdftex.def)             Requested size: 427.51825pt x 500.01343pt.

Overfull \hbox (14.95328pt too wide) in paragraph at lines 639--640
 [][] 
 []

[31 <./processusvente2.png>] <Contactsync.PNG, id=134, 228.10219pt x 423.08063pt>
File: Contactsync.PNG Graphic file (type png)
 <use Contactsync.PNG>
Package pdftex.def Info: Contactsync.PNG used on input line 646.
(pdftex.def)             Requested size: 228.10161pt x 423.07959pt.
 [32 <./processusfacturation.png>] <key.png, id=138, 138.5175pt x 77.53969pt>
File: key.png Graphic file (type png)
 <use key.png>
Package pdftex.def Info: key.png used on input line 670.
(pdftex.def)             Requested size: 138.51715pt x 77.53947pt.
 [33 <./Contactsync.PNG>]
<schemabuilder.png, id=143, 697.10437pt x 325.96782pt>
File: schemabuilder.png Graphic file (type png)
 <use schemabuilder.png>
Package pdftex.def Info: schemabuilder.png used on input line 675.
(pdftex.def)             Requested size: 418.26584pt x 195.58218pt.

Overfull \hbox (5.70087pt too wide) in paragraph at lines 675--676
 [][] 
 []

[34 <./key.png> <./schemabuilder.png>]
Chapitre 5.
<clouds.png, id=149, 126.2316pt x 117.5592pt>
File: clouds.png Graphic file (type png)
 <use clouds.png>
Package pdftex.def Info: clouds.png used on input line 699.
(pdftex.def)             Requested size: 252.46255pt x 235.1178pt.
 [35

] [36 <./clouds.png>]
<mvc.png, id=158, 508.90125pt x 337.26pt>
File: mvc.png Graphic file (type png)
 <use mvc.png>
Package pdftex.def Info: mvc.png used on input line 759.
(pdftex.def)             Requested size: 508.90001pt x 337.25917pt.

Overfull \hbox (96.33504pt too wide) in paragraph at lines 759--761
 [][] 
 []

[37 <./mvc.png>]
Overfull \hbox (16.28258pt too wide) in paragraph at lines 769--771
\T1/LinuxBiolinumT-TLF/m/n/12 dans Sa-les-force. Ainsi les ob-jets stan-dards et per-son-na-li-sés, dif-fé-rents champs
 []

! Undefined control sequence.
\@svsechd ...\z@ \relax \@svsec SFDC\foornotemark 
                                                  [1] MVC }\csname paragraph...
l.779 o
       n peux écrire les pages "`VUE" en utilisant SFDC visual force (VF). l...
The control sequence at the end of the top line
of your error message was never \def'ed. If you have
misspelled it (e.g., `\hobx'), type `I' and the correct
spelling (e.g., `I\hbox'). Otherwise just continue,
and I'll forget about whatever was undefined.

! Undefined control sequence.
<argument> ...ph\endcsname }\fi SFDC\foornotemark 
                                                  [1] MVC }{\thepage }}
l.779 o
       n peux écrire les pages "`VUE" en utilisant SFDC visual force (VF). l...
The control sequence at the end of the top line
of your error message was never \def'ed. If you have
misspelled it (e.g., `\hobx'), type `I' and the correct
spelling (e.g., `I\hbox'). Otherwise just continue,
and I'll forget about whatever was undefined.

[38]
LaTeX Font Info:    Font shape `T1/LinuxBiolinumT-TLF/b/n' will be
(Font)              scaled to size 9.3599pt on input line 802.
LaTeX Font Info:    Font shape `T1/LinuxBiolinumT-TLF/b/sc' will be
(Font)              scaled to size 14.4pt on input line 802.
LaTeX Font Info:    Font shape `T1/LinuxBiolinumT-TLF/m/n' will be
(Font)              scaled to size 10.0pt on input line 804.
 [39] <SalesforceApex.png, id=169, 790.955pt x 325.215pt>
File: SalesforceApex.png Graphic file (type png)
 <use SalesforceApex.png>
Package pdftex.def Info: SalesforceApex.png used on input line 822.
(pdftex.def)             Requested size: 395.47653pt x 162.6071pt.
LaTeX Font Info:    Font shape `T1/LinuxBiolinumT-TLF/m/n' will be
(Font)              scaled to size 8.0pt on input line 826.

<Visualforce.jpg, id=170, 301.125pt x 88.33pt>
File: Visualforce.jpg Graphic file (type jpg)
 <use Visualforce.jpg>
Package pdftex.def Info: Visualforce.jpg used on input line 836.
(pdftex.def)             Requested size: 301.12425pt x 88.32977pt.
 [40 <./SalesforceApex.png>]
<js.png, id=175, 195.73125pt x 195.73125pt>
File: js.png Graphic file (type png)
 <use js.png>
Package pdftex.def Info: js.png used on input line 861.
(pdftex.def)             Requested size: 195.73076pt x 195.73076pt.
 [41 <./Visualforce.jpg>] [42 <./js.png>]
Chapitre 6.
<classvente.PNG, id=185, 452.4403pt x 735.49782pt>
File: classvente.PNG Graphic file (type png)
 <use classvente.PNG>
Package pdftex.def Info: classvente.PNG used on input line 883.
(pdftex.def)             Requested size: 452.43921pt x 735.49603pt.

Overfull \hbox (39.87424pt too wide) in paragraph at lines 883--885
 [][] 
 []

[43

]
Overfull \vbox (50.70741pt too high) has occurred while \output is active []

 [44 <./classvente.PNG>]
<classmarketing.PNG, id=193, 731.73375pt x 331.99031pt>
File: classmarketing.PNG Graphic file (type png)
 <use classmarketing.PNG>
Package pdftex.def Info: classmarketing.PNG used on input line 903.
(pdftex.def)             Requested size: 439.04364pt x 199.19571pt.

Overfull \hbox (26.47867pt too wide) in paragraph at lines 903--905
 [][] 
 []

[45] <Email_1.png, id=197, 813.0375pt x 496.85625pt>
File: Email_1.png Graphic file (type png)
 <use Email_1.png>
Package pdftex.def Info: Email_1.png used on input line 915.
(pdftex.def)             Requested size: 406.51776pt x 248.4275pt.
 [46 <./classmarketing.PNG>]
<inbound.PNG, id=202, 571.38469pt x 478.03593pt>
File: inbound.PNG Graphic file (type png)
 <use inbound.PNG>
Package pdftex.def Info: inbound.PNG used on input line 925.
(pdftex.def)             Requested size: 399.96655pt x 334.62286pt.
 [47 <./Email_1.png>]
<googlescript.PNG, id=207, 665.48625pt x 408.02437pt>
File: googlescript.PNG Graphic file (type png)
 <use googlescript.PNG>
Package pdftex.def Info: googlescript.PNG used on input line 935.
(pdftex.def)             Requested size: 465.83719pt x 285.61511pt.

Overfull \hbox (53.27222pt too wide) in paragraph at lines 935--937
 [][] 
 []

[48 <./inbound.PNG>] <EmailMarketing.PNG, id=212, 578.91281pt x 328.22626pt>
File: EmailMarketing.PNG Graphic file (type png)
 <use EmailMarketing.PNG>
Package pdftex.def Info: EmailMarketing.PNG used on input line 941.
(pdftex.def)             Requested size: 405.2362pt x 229.7568pt.

<reponsemail.PNG, id=213, 720.44156pt x 408.77719pt>
File: reponsemail.PNG Graphic file (type png)
 <use reponsemail.PNG>
Package pdftex.def Info: reponsemail.PNG used on input line 951.
(pdftex.def)             Requested size: 720.43979pt x 408.77618pt.

Overfull \hbox (307.87482pt too wide) in paragraph at lines 951--953
 [][] 
 []

[49 <./googlescript.PNG> <./EmailMarketing.PNG>] <classfacturation.PNG, id=219, 452.4403pt x 682.80093pt>
File: classfacturation.PNG Graphic file (type png)

<use classfacturation.PNG>
Package pdftex.def Info: classfacturation.PNG used on input line 961.
(pdftex.def)             Requested size: 452.43921pt x 682.79926pt.

Overfull \hbox (39.87424pt too wide) in paragraph at lines 961--963
 [][] 
 []


Overfull \hbox (3.15413pt too wide) in paragraph at lines 956--963
\T1/LinuxBiolinumT-TLF/m/n/12 dards et per-son-na-li-sés pour gé-rer la fac-tu-ra-tion, Fac-ture, Echeance, Op-por-tu-ni
té,Poste
 []

[50 <./reponsemail.PNG>]
Overfull \hbox (5.93733pt too wide) in paragraph at lines 969--969
[]\T1/LinuxBiolinumT-TLF/b/n/17.28 Etablissement des rap-ports et des ta-bleau de bord 
 []

[51 <./classfacturation.PNG>]

! Package inputenc Error: Keyboard character used is undefined
(inputenc)                in inputencoding `latin1'.

See the inputenc package documentation for explanation.
Type  H <return>  for immediate help.
 ...                                              
                                                  
l.972 ...r toutes les informations de l'analyse d’
                                                  une manière détaillée et f...
You need to provide a definition with \DeclareInputText 
or \DeclareInputMath before using this key.


! Package inputenc Error: Keyboard character used is undefined
(inputenc)                in inputencoding `latin1'.

See the inputenc package documentation for explanation.
Type  H <return>  for immediate help.
 ...                                              
                                                  
l.974 ... du processus de commercial. Mettons en œ
                                                  uvre des tableaux de bord ...
You need to provide a definition with \DeclareInputText 
or \DeclareInputMath before using this key.


! Package inputenc Error: Keyboard character used is undefined
(inputenc)                in inputencoding `latin1'.

See the inputenc package documentation for explanation.
Type  H <return>  for immediate help.
 ...                                              
                                                  
l.976 ...ompréhension des données et permettant d’
                                                  en tirer des conclusions c...
You need to provide a definition with \DeclareInputText 
or \DeclareInputMath before using this key.

! Undefined control sequence.
l.977 \paragrapg
                {}
The control sequence at the end of the top line
of your error message was never \def'ed. If you have
misspelled it (e.g., `\hobx'), type `I' and the correct
spelling (e.g., `I\hbox'). Otherwise just continue,
and I'll forget about whatever was undefined.

<rapportettb.PNG, id=228, 1002.74625pt x 439.6425pt>
File: rapportettb.PNG Graphic file (type png)
 <use rapportettb.PNG>
Package pdftex.def Info: rapportettb.PNG used on input line 988.
(pdftex.def)             Requested size: 1002.7438pt x 439.64142pt.

Overfull \hbox (590.17883pt too wide) in paragraph at lines 988--990
 [][] 
 []

[52] <rapportBU.PNG, id=232, 660.96938pt x 439.6425pt>
File: rapportBU.PNG Graphic file (type png)
 <use rapportBU.PNG>
Package pdftex.def Info: rapportBU.PNG used on input line 997.
(pdftex.def)             Requested size: 660.96776pt x 439.64142pt.

Overfull \hbox (248.40279pt too wide) in paragraph at lines 997--999
 [][] 
 []

[53 <./rapportettb.PNG>] <resultatfiltrage.PNG, id=238, 381.67593pt x 710.655pt>
File: resultatfiltrage.PNG Graphic file (type png)
 <use resultatfiltrage.PNG>
Package pdftex.def Info: resultatfiltrage.PNG used on input line 1006.
(pdftex.def)             Requested size: 381.675pt x 710.65326pt.
 [54 <./rapportBU.PNG>]
Overfull \vbox (7.87018pt too high) has occurred while \output is active []

 [55 <./resultatfiltrage.PNG>]
<composantsTB1.PNG, id=247, 205.5178pt x 301.125pt>
File: composantsTB1.PNG Graphic file (type png)
 <use composantsTB1.PNG>
Package pdftex.def Info: composantsTB1.PNG used on input line 1017.
(pdftex.def)             Requested size: 205.5173pt x 301.12425pt.

<composantsTB2.PNG, id=248, 203.25937pt x 343.2825pt>
File: composantsTB2.PNG Graphic file (type png)
 <use composantsTB2.PNG>
Package pdftex.def Info: composantsTB2.PNG used on input line 1022.
(pdftex.def)             Requested size: 203.25887pt x 343.28165pt.
 [56 <./composantsTB1.PNG>]
<dashbord.PNG, id=253, 578.16pt x 883.80188pt>
File: dashbord.PNG Graphic file (type png)
 <use dashbord.PNG>
Package pdftex.def Info: dashbord.PNG used on input line 1029.
(pdftex.def)             Requested size: 578.15858pt x 883.79973pt.

Overfull \hbox (165.59361pt too wide) in paragraph at lines 1029--1031
 [][] 
 []

[57 <./composantsTB2.PNG>]
Overfull \vbox (199.01111pt too high) has occurred while \output is active []

 [58 <./dashbord.PNG>]
<rapports.PNG, id=262, 662.475pt x 316.93407pt>
File: rapports.PNG Graphic file (type png)
 <use rapports.PNG>
Package pdftex.def Info: rapports.PNG used on input line 1036.
(pdftex.def)             Requested size: 662.47339pt x 316.93329pt.

Overfull \hbox (249.90842pt too wide) in paragraph at lines 1036--1038
 [][] 
 []

[59 <./rapports.PNG>]

! LaTeX Error: \begin{itemize} on input line 470 ended by \end{document}.

See the LaTeX manual or LaTeX Companion for explanation.
Type  H <return>  for immediate help.
 ...                                              
                                                  
l.1072 \end{document}
                     
Your command was ignored.
Type  I <command> <return>  to replace it with another command,
or  <return>  to continue without it.

[60

] (Untitled.aux)

LaTeX Font Warning: Some font shapes were not available, defaults substituted.


LaTeX Warning: There were multiply-defined labels.

 )
(\end occurred inside a group at level 1)

### semi simple group (level 1) entered at line 470 (\begingroup)
### bottom level 
Here is how much of TeX's memory you used:
 6517 strings out of 493323
 105779 string characters out of 3139060
 168344 words of memory out of 3000000
 9873 multiletter control sequences out of 15000+200000
 120879 words of font info for 70 fonts, out of 3000000 for 9000
 1141 hyphenation exceptions out of 8191
 39i,8n,77p,1284b,505s stack positions out of 5000i,500n,10000p,200000b,50000s
{C:/Program Files/MiKTeX 2.9/fonts/enc/dvips/libertine/lbtn_25tcsq.enc}{C:/Program Files/MiKTeX 2.9/font
s/enc/dvips/libertine/lbtn_jtta5h.enc}{C:/Program Files/MiKTeX 2.9/fonts/enc/dvips/libertine/lbtn_afusau.enc}{C:/Program
 Files/MiKTeX 2.9/fonts/enc/dvips/libertine/lbtn_omcwp2.enc}<C:/Program Files/MiKTeX 2.9/fonts/type1/public/libertine/Li
nBiolinumT.pfb><C:/Program Files/MiKTeX 2.9/fonts/type1/public/libertine/LinBiolinumTB.pfb><C:/Program Files/MiKTeX 2.9/
fonts/type1/public/libertine/LinBiolinumTBO.pfb><C:/Program Files/MiKTeX 2.9/fonts/type1/public/libertine/LinBiolinumTI.
pfb><C:/Program Files/MiKTeX 2.9/fonts/type1/public/amsfonts/cm/cmsy8.pfb>
Output written on Untitled.pdf (62 pages, 2503883 bytes).
PDF statistics:
 298 PDF objects out of 1000 (max. 8388607)
 0 named destinations out of 1000 (max. 500000)
 171 words of extra memory for PDF output out of 10000 (max. 10000000)

